<?xml version="1.0" encoding="UTF-8"?>
<testsuite name="linkedList.LinkedListTest" tests="11" skipped="0" failures="0" errors="0" timestamp="2022-03-04T11:46:31" hostname="leonardo-MS-7C02" time="0.024">
  <properties/>
  <testcase name="Should add an element at the end of a empty list" classname="linkedList.LinkedListTest" time="0.017"/>
  <testcase name="Should delete the first element at the linkedList" classname="linkedList.LinkedListTest" time="0.001"/>
  <testcase name="Should find the right size of the linked list" classname="linkedList.LinkedListTest" time="0.001"/>
  <testcase name="Should delete the last element at the linkedList if the linked list has one element" classname="linkedList.LinkedListTest" time="0.0"/>
  <testcase name="Should return the node at the specified index" classname="linkedList.LinkedListTest" time="0.0"/>
  <testcase name="Should delete the last element at the linkedList" classname="linkedList.LinkedListTest" time="0.001"/>
  <testcase name="Should add an element at the beginning of the array" classname="linkedList.LinkedListTest" time="0.0"/>
  <testcase name="Should make tail = null if linkedList is Empty" classname="linkedList.LinkedListTest" time="0.0"/>
  <testcase name="Should add an element at a specific location of the list" classname="linkedList.LinkedListTest" time="0.001"/>
  <testcase name="Should add an element at the end of a list" classname="linkedList.LinkedListTest" time="0.0"/>
  <testcase name="Should delete an element at a specific location on the linkedList" classname="linkedList.LinkedListTest" time="0.0"/>
  <system-out><![CDATA[]]></system-out>
  <system-err><![CDATA[]]></system-err>
</testsuite>
